<?xml version="1.0" encoding="UTF-8"?>
<!-- Generated by org.testng.reporters.JUnitReportReporter -->
<testsuite hostname="DESKTOP-OL7ELR1" failures="0" tests="1" name="com.mystore.testCases.LoginPagetest" time="27.807" errors="0" timestamp="2022-09-25T23:21:45 IST" skipped="0">
  <testcase classname="com.mystore.testCases.LoginPagetest" name="loginIntoApp" time="27.807"/>
  <system-out/>
</testsuite> <!-- com.mystore.testCases.LoginPagetest -->
