<?xml version="1.0" encoding="UTF-8"?>
<!-- Generated by org.testng.reporters.JUnitReportReporter -->
<testsuite hostname="DESKTOP-OL7ELR1" failures="0" tests="2" name="com.mystore.testCases.IndexPageTest" time="39.435" errors="0" timestamp="2022-09-25T21:10:18 IST" skipped="0">
  <testcase classname="com.mystore.testCases.IndexPageTest" name="verifyLogo" time="17.809"/>
  <system-out/>
  <testcase classname="com.mystore.testCases.IndexPageTest" name="verifyTitle" time="21.626"/>
  <system-out/>
</testsuite> <!-- com.mystore.testCases.IndexPageTest -->
